[
  {
    "line": 2,
    "elements": [
      {
        "before": [
          {
            "result": {
              "duration": 5587184400,
              "status": "passed"
            },
            "match": {
              "location": "Hooks.setUp()"
            }
          }
        ],
        "line": 6,
        "name": "User should navigate to computer page successfully",
        "description": "",
        "id": "computer-test;user-should-navigate-to-computer-page-successfully",
        "after": [
          {
            "result": {
              "duration": 630833500,
              "status": "passed"
            },
            "match": {
              "location": "Hooks.tearDown(Scenario)"
            }
          }
        ],
        "type": "scenario",
        "keyword": "Scenario",
        "steps": [
          {
            "result": {
              "duration": 99496800,
              "status": "passed"
            },
            "line": 7,
            "name": "I am on homepage",
            "match": {
              "location": "LoginPageSteps.iAmOnHomepage()"
            },
            "keyword": "Given "
          },
          {
            "result": {
              "duration": 1303406900,
              "status": "passed"
            },
            "line": 8,
            "name": "I click on Computer tab",
            "match": {
              "location": "ComputerSteps.iClickOnComputerTab()"
            },
            "keyword": "When "
          },
          {
            "result": {
              "duration": 38284000,
              "status": "passed"
            },
            "line": 9,
            "name": "I should navigate to computer page successfully",
            "match": {
              "location": "ComputerSteps.iShouldNavigateToComputerPageSuccessfully()"
            },
            "keyword": "Then "
          }
        ]
      },
      {
        "before": [
          {
            "result": {
              "duration": 2631357100,
              "status": "passed"
            },
            "match": {
              "location": "Hooks.setUp()"
            }
          }
        ],
        "line": 12,
        "name": "Verify user should navigate to desktop page successfully",
        "description": "",
        "id": "computer-test;verify-user-should-navigate-to-desktop-page-successfully",
        "after": [
          {
            "result": {
              "duration": 633534400,
              "status": "passed"
            },
            "match": {
              "location": "Hooks.tearDown(Scenario)"
            }
          }
        ],
        "type": "scenario",
        "keyword": "Scenario",
        "steps": [
          {
            "result": {
              "duration": 17300,
              "status": "passed"
            },
            "line": 13,
            "name": "I am on homepage",
            "match": {
              "location": "LoginPageSteps.iAmOnHomepage()"
            },
            "keyword": "Given "
          },
          {
            "result": {
              "duration": 503837900,
              "status": "passed"
            },
            "line": 14,
            "name": "I click on Computer tab",
            "match": {
              "location": "ComputerSteps.iClickOnComputerTab()"
            },
            "keyword": "When "
          },
          {
            "result": {
              "duration": 452575000,
              "status": "passed"
            },
            "line": 15,
            "name": "I click on Desktops link",
            "match": {
              "location": "ComputerSteps.iClickOnDesktopsLink()"
            },
            "keyword": "And "
          },
          {
            "result": {
              "duration": 37913300,
              "status": "passed"
            },
            "line": 16,
            "name": "I should navigate to Desktops page successfully",
            "match": {
              "location": "ComputerSteps.iShouldNavigateToDesktopsPageSuccessfully()"
            },
            "keyword": "Then "
          }
        ],
        "tags": [
          {
            "line": 11,
            "name": "@Sanity"
          }
        ]
      },
      {
        "before": [
          {
            "result": {
              "duration": 1876299800,
              "status": "passed"
            },
            "match": {
              "location": "Hooks.setUp()"
            }
          }
        ],
        "line": 32,
        "name": "Verify that user should build you own computer and add them to cart successfully",
        "description": "",
        "id": "computer-test;verify-that-user-should-build-you-own-computer-and-add-them-to-cart-successfully;;2",
        "after": [
          {
            "result": {
              "duration": 633062800,
              "status": "passed"
            },
            "match": {
              "location": "Hooks.tearDown(Scenario)"
            }
          }
        ],
        "type": "scenario",
        "keyword": "Scenario Outline",
        "steps": [
          {
            "result": {
              "duration": 27500,
              "status": "passed"
            },
            "line": 19,
            "name": "I am on homepage",
            "match": {
              "location": "LoginPageSteps.iAmOnHomepage()"
            },
            "keyword": "Given "
          },
          {
            "result": {
              "duration": 487307800,
              "status": "passed"
            },
            "line": 20,
            "name": "I click on Computer tab",
            "match": {
              "location": "ComputerSteps.iClickOnComputerTab()"
            },
            "keyword": "When "
          },
          {
            "result": {
              "duration": 471233500,
              "status": "passed"
            },
            "line": 21,
            "name": "I click on Desktops link",
            "match": {
              "location": "ComputerSteps.iClickOnDesktopsLink()"
            },
            "keyword": "And "
          },
          {
            "result": {
              "duration": 992654400,
              "status": "passed"
            },
            "line": 22,
            "name": "I click on product name Build your own computer",
            "match": {
              "location": "ComputerSteps.iClickOnProductNameBuildYourOwnComputer()"
            },
            "keyword": "And "
          },
          {
            "result": {
              "duration": 67140300,
              "status": "passed"
            },
            "line": 23,
            "name": "I select processor \"2.2 GHz Intel Pentium Dual-Core E2200\"",
            "match": {
              "arguments": [
                {
                  "val": "2.2 GHz Intel Pentium Dual-Core E2200",
                  "offset": 20
                }
              ],
              "location": "ComputerSteps.iSelectProcessor(String)"
            },
            "matchedColumns": [
              0
            ],
            "keyword": "And "
          },
          {
            "result": {
              "duration": 83995800,
              "status": "passed"
            },
            "line": 24,
            "name": "I select ram \"2 GB\"",
            "match": {
              "arguments": [
                {
                  "val": "2 GB",
                  "offset": 14
                }
              ],
              "location": "ComputerSteps.iSelectRam(String)"
            },
            "matchedColumns": [
              1
            ],
            "keyword": "And "
          },
          {
            "result": {
              "duration": 59997600,
              "status": "passed"
            },
            "line": 25,
            "name": "I select hdd \"320 GB\"",
            "match": {
              "arguments": [
                {
                  "val": "320 GB",
                  "offset": 14
                }
              ],
              "location": "ComputerSteps.iSelectHdd(String)"
            },
            "matchedColumns": [
              2
            ],
            "keyword": "And "
          },
          {
            "result": {
              "duration": 57296200,
              "status": "passed"
            },
            "line": 26,
            "name": "I select OS \"Vista Home [+$50.00]\"",
            "match": {
              "arguments": [
                {
                  "val": "Vista Home [+$50.00]",
                  "offset": 13
                }
              ],
              "location": "ComputerSteps.iSelectOS(String)"
            },
            "matchedColumns": [
              3
            ],
            "keyword": "And "
          },
          {
            "result": {
              "duration": 67733400,
              "status": "passed"
            },
            "line": 27,
            "name": "I select Software \"Microsoft Office [+$50.00]\"",
            "match": {
              "arguments": [
                {
                  "val": "Microsoft Office [+$50.00]",
                  "offset": 19
                }
              ],
              "location": "ComputerSteps.iSelectSoftware(String)"
            },
            "matchedColumns": [
              4
            ],
            "keyword": "And "
          },
          {
            "result": {
              "duration": 56310100,
              "status": "passed"
            },
            "line": 28,
            "name": "I click on add to cart button",
            "match": {
              "location": "ComputerSteps.iClickOnAddToCartButton()"
            },
            "keyword": "And "
          },
          {
            "result": {
              "duration": 349623700,
              "status": "passed"
            },
            "line": 29,
            "name": "I should see product has been added to your shopping cart confirmation message",
            "match": {
              "location": "ComputerSteps.iShouldSeeProductHasBeenAddedToYourShoppingCartConfirmationMessage()"
            },
            "keyword": "Then "
          }
        ],
        "tags": [
          {
            "line": 1,
            "name": "@regression"
          }
        ]
      },
      {
        "before": [
          {
            "result": {
              "duration": 1818308000,
              "status": "passed"
            },
            "match": {
              "location": "Hooks.setUp()"
            }
          }
        ],
        "line": 33,
        "name": "Verify that user should build you own computer and add them to cart successfully",
        "description": "",
        "id": "computer-test;verify-that-user-should-build-you-own-computer-and-add-them-to-cart-successfully;;3",
        "after": [
          {
            "result": {
              "duration": 643171600,
              "status": "passed"
            },
            "match": {
              "location": "Hooks.tearDown(Scenario)"
            }
          }
        ],
        "type": "scenario",
        "keyword": "Scenario Outline",
        "steps": [
          {
            "result": {
              "duration": 24300,
              "status": "passed"
            },
            "line": 19,
            "name": "I am on homepage",
            "match": {
              "location": "LoginPageSteps.iAmOnHomepage()"
            },
            "keyword": "Given "
          },
          {
            "result": {
              "duration": 537767700,
              "status": "passed"
            },
            "line": 20,
            "name": "I click on Computer tab",
            "match": {
              "location": "ComputerSteps.iClickOnComputerTab()"
            },
            "keyword": "When "
          },
          {
            "result": {
              "duration": 464966000,
              "status": "passed"
            },
            "line": 21,
            "name": "I click on Desktops link",
            "match": {
              "location": "ComputerSteps.iClickOnDesktopsLink()"
            },
            "keyword": "And "
          },
          {
            "result": {
              "duration": 870695200,
              "status": "passed"
            },
            "line": 22,
            "name": "I click on product name Build your own computer",
            "match": {
              "location": "ComputerSteps.iClickOnProductNameBuildYourOwnComputer()"
            },
            "keyword": "And "
          },
          {
            "result": {
              "duration": 46871100,
              "status": "passed"
            },
            "line": 23,
            "name": "I select processor \"2.5 GHz Intel Pentium Dual-Core E2200 [+$15.00]\"",
            "match": {
              "arguments": [
                {
                  "val": "2.5 GHz Intel Pentium Dual-Core E2200 [+$15.00]",
                  "offset": 20
                }
              ],
              "location": "ComputerSteps.iSelectProcessor(String)"
            },
            "matchedColumns": [
              0
            ],
            "keyword": "And "
          },
          {
            "result": {
              "duration": 64886300,
              "status": "passed"
            },
            "line": 24,
            "name": "I select ram \"4GB [+$20.00]\"",
            "match": {
              "arguments": [
                {
                  "val": "4GB [+$20.00]",
                  "offset": 14
                }
              ],
              "location": "ComputerSteps.iSelectRam(String)"
            },
            "matchedColumns": [
              1
            ],
            "keyword": "And "
          },
          {
            "result": {
              "duration": 68697900,
              "status": "passed"
            },
            "line": 25,
            "name": "I select hdd \"400 GB [+$100.00]\"",
            "match": {
              "arguments": [
                {
                  "val": "400 GB [+$100.00]",
                  "offset": 14
                }
              ],
              "location": "ComputerSteps.iSelectHdd(String)"
            },
            "matchedColumns": [
              2
            ],
            "keyword": "And "
          },
          {
            "result": {
              "duration": 70172300,
              "status": "passed"
            },
            "line": 26,
            "name": "I select OS \"Vista Premium [+$60.00]\"",
            "match": {
              "arguments": [
                {
                  "val": "Vista Premium [+$60.00]",
                  "offset": 13
                }
              ],
              "location": "ComputerSteps.iSelectOS(String)"
            },
            "matchedColumns": [
              3
            ],
            "keyword": "And "
          },
          {
            "result": {
              "duration": 79953500,
              "status": "passed"
            },
            "line": 27,
            "name": "I select Software \"Acrobat Reader [+$10.00]\"",
            "match": {
              "arguments": [
                {
                  "val": "Acrobat Reader [+$10.00]",
                  "offset": 19
                }
              ],
              "location": "ComputerSteps.iSelectSoftware(String)"
            },
            "matchedColumns": [
              4
            ],
            "keyword": "And "
          },
          {
            "result": {
              "duration": 55731400,
              "status": "passed"
            },
            "line": 28,
            "name": "I click on add to cart button",
            "match": {
              "location": "ComputerSteps.iClickOnAddToCartButton()"
            },
            "keyword": "And "
          },
          {
            "result": {
              "duration": 411847500,
              "status": "passed"
            },
            "line": 29,
            "name": "I should see product has been added to your shopping cart confirmation message",
            "match": {
              "location": "ComputerSteps.iShouldSeeProductHasBeenAddedToYourShoppingCartConfirmationMessage()"
            },
            "keyword": "Then "
          }
        ],
        "tags": [
          {
            "line": 1,
            "name": "@regression"
          }
        ]
      },
      {
        "before": [
          {
            "result": {
              "duration": 1896014800,
              "status": "passed"
            },
            "match": {
              "location": "Hooks.setUp()"
            }
          }
        ],
        "line": 34,
        "name": "Verify that user should build you own computer and add them to cart successfully",
        "description": "",
        "id": "computer-test;verify-that-user-should-build-you-own-computer-and-add-them-to-cart-successfully;;4",
        "after": [
          {
            "result": {
              "duration": 649556200,
              "status": "passed"
            },
            "match": {
              "location": "Hooks.tearDown(Scenario)"
            }
          }
        ],
        "type": "scenario",
        "keyword": "Scenario Outline",
        "steps": [
          {
            "result": {
              "duration": 32300,
              "status": "passed"
            },
            "line": 19,
            "name": "I am on homepage",
            "match": {
              "location": "LoginPageSteps.iAmOnHomepage()"
            },
            "keyword": "Given "
          },
          {
            "result": {
              "duration": 505140900,
              "status": "passed"
            },
            "line": 20,
            "name": "I click on Computer tab",
            "match": {
              "location": "ComputerSteps.iClickOnComputerTab()"
            },
            "keyword": "When "
          },
          {
            "result": {
              "duration": 467231300,
              "status": "passed"
            },
            "line": 21,
            "name": "I click on Desktops link",
            "match": {
              "location": "ComputerSteps.iClickOnDesktopsLink()"
            },
            "keyword": "And "
          },
          {
            "result": {
              "duration": 1190157000,
              "status": "passed"
            },
            "line": 22,
            "name": "I click on product name Build your own computer",
            "match": {
              "location": "ComputerSteps.iClickOnProductNameBuildYourOwnComputer()"
            },
            "keyword": "And "
          },
          {
            "result": {
              "duration": 41592900,
              "status": "passed"
            },
            "line": 23,
            "name": "I select processor \"2.5 GHz Intel Pentium Dual-Core E2200 [+$15.00]\"",
            "match": {
              "arguments": [
                {
                  "val": "2.5 GHz Intel Pentium Dual-Core E2200 [+$15.00]",
                  "offset": 20
                }
              ],
              "location": "ComputerSteps.iSelectProcessor(String)"
            },
            "matchedColumns": [
              0
            ],
            "keyword": "And "
          },
          {
            "result": {
              "duration": 55732300,
              "status": "passed"
            },
            "line": 24,
            "name": "I select ram \"8GB [+$60.00]\"",
            "match": {
              "arguments": [
                {
                  "val": "8GB [+$60.00]",
                  "offset": 14
                }
              ],
              "location": "ComputerSteps.iSelectRam(String)"
            },
            "matchedColumns": [
              1
            ],
            "keyword": "And "
          },
          {
            "result": {
              "duration": 45709900,
              "status": "passed"
            },
            "line": 25,
            "name": "I select hdd \"320 GB\"",
            "match": {
              "arguments": [
                {
                  "val": "320 GB",
                  "offset": 14
                }
              ],
              "location": "ComputerSteps.iSelectHdd(String)"
            },
            "matchedColumns": [
              2
            ],
            "keyword": "And "
          },
          {
            "result": {
              "duration": 42372500,
              "status": "passed"
            },
            "line": 26,
            "name": "I select OS \"Vista Home [+$50.00]\"",
            "match": {
              "arguments": [
                {
                  "val": "Vista Home [+$50.00]",
                  "offset": 13
                }
              ],
              "location": "ComputerSteps.iSelectOS(String)"
            },
            "matchedColumns": [
              3
            ],
            "keyword": "And "
          },
          {
            "result": {
              "duration": 62307700,
              "status": "passed"
            },
            "line": 27,
            "name": "I select Software \"Total Commander [+$5.00]\"",
            "match": {
              "arguments": [
                {
                  "val": "Total Commander [+$5.00]",
                  "offset": 19
                }
              ],
              "location": "ComputerSteps.iSelectSoftware(String)"
            },
            "matchedColumns": [
              4
            ],
            "keyword": "And "
          },
          {
            "result": {
              "duration": 34686200,
              "status": "passed"
            },
            "line": 28,
            "name": "I click on add to cart button",
            "match": {
              "location": "ComputerSteps.iClickOnAddToCartButton()"
            },
            "keyword": "And "
          },
          {
            "result": {
              "duration": 1164466900,
              "status": "passed"
            },
            "line": 29,
            "name": "I should see product has been added to your shopping cart confirmation message",
            "match": {
              "location": "ComputerSteps.iShouldSeeProductHasBeenAddedToYourShoppingCartConfirmationMessage()"
            },
            "keyword": "Then "
          }
        ],
        "tags": [
          {
            "line": 1,
            "name": "@regression"
          }
        ]
      }
    ],
    "name": "Computer Test",
    "description": "As user I want to login into nop commerce website",
    "id": "computer-test",
    "keyword": "Feature",
    "uri": "Computer.feature",
    "tags": [
      {
        "line": 1,
        "name": "@regression"
      }
    ]
  },
  {
    "line": 2,
    "elements": [
      {
        "before": [
          {
            "result": {
              "duration": 1918089800,
              "status": "passed"
            },
            "match": {
              "location": "Hooks.setUp()"
            }
          }
        ],
        "line": 6,
        "name": "User should navigate to login page successfully",
        "description": "",
        "id": "login-test;user-should-navigate-to-login-page-successfully",
        "after": [
          {
            "result": {
              "duration": 646636300,
              "status": "passed"
            },
            "match": {
              "location": "Hooks.tearDown(Scenario)"
            }
          }
        ],
        "type": "scenario",
        "keyword": "Scenario",
        "steps": [
          {
            "result": {
              "duration": 16900,
              "status": "passed"
            },
            "line": 7,
            "name": "I am on homepage",
            "match": {
              "location": "LoginPageSteps.iAmOnHomepage()"
            },
            "keyword": "Given "
          },
          {
            "result": {
              "duration": 481250500,
              "status": "passed"
            },
            "line": 8,
            "name": "I click on login link",
            "match": {
              "location": "LoginPageSteps.iClickOnLoginLink()"
            },
            "keyword": "When "
          },
          {
            "result": {
              "duration": 30173300,
              "status": "passed"
            },
            "line": 9,
            "name": "I should navigate to login page successfully",
            "match": {
              "location": "LoginPageSteps.iShouldNavigateToLoginPageSuccessfully()"
            },
            "keyword": "Then "
          }
        ],
        "tags": [
          {
            "line": 5,
            "name": "@smoke"
          }
        ]
      },
      {
        "before": [
          {
            "result": {
              "duration": 1887507700,
              "status": "passed"
            },
            "match": {
              "location": "Hooks.setUp()"
            }
          }
        ],
        "line": 21,
        "name": "Verify the error message with invalid credentials",
        "description": "",
        "id": "login-test;verify-the-error-message-with-invalid-credentials;;2",
        "after": [
          {
            "result": {
              "duration": 607916700,
              "status": "passed"
            },
            "match": {
              "location": "Hooks.tearDown(Scenario)"
            }
          }
        ],
        "type": "scenario",
        "keyword": "Scenario Outline",
        "steps": [
          {
            "result": {
              "duration": 23900,
              "status": "passed"
            },
            "line": 13,
            "name": "I am on homepage",
            "match": {
              "location": "LoginPageSteps.iAmOnHomepage()"
            },
            "keyword": "Given "
          },
          {
            "result": {
              "duration": 532655100,
              "status": "passed"
            },
            "line": 14,
            "name": "I click on login link",
            "match": {
              "location": "LoginPageSteps.iClickOnLoginLink()"
            },
            "keyword": "When "
          },
          {
            "result": {
              "duration": 67813100,
              "status": "passed"
            },
            "line": 15,
            "name": "I enter email \"qwerty123@gmail.com\"",
            "match": {
              "arguments": [
                {
                  "val": "qwerty123@gmail.com",
                  "offset": 15
                }
              ],
              "location": "LoginPageSteps.iEnterEmail(String)"
            },
            "matchedColumns": [
              0
            ],
            "keyword": "And "
          },
          {
            "result": {
              "duration": 64505800,
              "status": "passed"
            },
            "line": 16,
            "name": "I enter password \"qazwsx12\"",
            "match": {
              "arguments": [
                {
                  "val": "qazwsx12",
                  "offset": 18
                }
              ],
              "location": "LoginPageSteps.iEnterPassword(String)"
            },
            "matchedColumns": [
              1
            ],
            "keyword": "And "
          },
          {
            "result": {
              "duration": 404357400,
              "status": "passed"
            },
            "line": 17,
            "name": "I click on login button",
            "match": {
              "location": "LoginPageSteps.iClickOnLoginButton()"
            },
            "keyword": "And "
          },
          {
            "result": {
              "duration": 29935400,
              "status": "passed"
            },
            "line": 18,
            "name": "I should besee the error message \"Login was unsuccessful. Please correct the errors and try again.\nNo customer account found\"",
            "match": {
              "arguments": [
                {
                  "val": "Login was unsuccessful. Please correct the errors and try again.\nNo customer account found",
                  "offset": 34
                }
              ],
              "location": "LoginPageSteps.iShouldBeseeTheErrorMessage(String)"
            },
            "matchedColumns": [
              2
            ],
            "keyword": "Then "
          }
        ],
        "tags": [
          {
            "line": 1,
            "name": "@regression"
          },
          {
            "line": 11,
            "name": "@sanity"
          }
        ]
      },
      {
        "before": [
          {
            "result": {
              "duration": 1960629900,
              "status": "passed"
            },
            "match": {
              "location": "Hooks.setUp()"
            }
          }
        ],
        "line": 22,
        "name": "Verify the error message with invalid credentials",
        "description": "",
        "id": "login-test;verify-the-error-message-with-invalid-credentials;;3",
        "after": [
          {
            "result": {
              "duration": 622452100,
              "status": "passed"
            },
            "match": {
              "location": "Hooks.tearDown(Scenario)"
            }
          }
        ],
        "type": "scenario",
        "keyword": "Scenario Outline",
        "steps": [
          {
            "result": {
              "duration": 17100,
              "status": "passed"
            },
            "line": 13,
            "name": "I am on homepage",
            "match": {
              "location": "LoginPageSteps.iAmOnHomepage()"
            },
            "keyword": "Given "
          },
          {
            "result": {
              "duration": 456579200,
              "status": "passed"
            },
            "line": 14,
            "name": "I click on login link",
            "match": {
              "location": "LoginPageSteps.iClickOnLoginLink()"
            },
            "keyword": "When "
          },
          {
            "result": {
              "duration": 76431900,
              "status": "passed"
            },
            "line": 15,
            "name": "I enter email \"xyz890@gmail.com\"",
            "match": {
              "arguments": [
                {
                  "val": "xyz890@gmail.com",
                  "offset": 15
                }
              ],
              "location": "LoginPageSteps.iEnterEmail(String)"
            },
            "matchedColumns": [
              0
            ],
            "keyword": "And "
          },
          {
            "result": {
              "duration": 61668600,
              "status": "passed"
            },
            "line": 16,
            "name": "I enter password \"qazwsx\"",
            "match": {
              "arguments": [
                {
                  "val": "qazwsx",
                  "offset": 18
                }
              ],
              "location": "LoginPageSteps.iEnterPassword(String)"
            },
            "matchedColumns": [
              1
            ],
            "keyword": "And "
          },
          {
            "result": {
              "duration": 426279400,
              "status": "passed"
            },
            "line": 17,
            "name": "I click on login button",
            "match": {
              "location": "LoginPageSteps.iClickOnLoginButton()"
            },
            "keyword": "And "
          },
          {
            "result": {
              "duration": 48720800,
              "status": "passed"
            },
            "line": 18,
            "name": "I should besee the error message \"Login was unsuccessful. Please correct the errors and try again.\nNo customer account found\"",
            "match": {
              "arguments": [
                {
                  "val": "Login was unsuccessful. Please correct the errors and try again.\nNo customer account found",
                  "offset": 34
                }
              ],
              "location": "LoginPageSteps.iShouldBeseeTheErrorMessage(String)"
            },
            "matchedColumns": [
              2
            ],
            "keyword": "Then "
          }
        ],
        "tags": [
          {
            "line": 1,
            "name": "@regression"
          },
          {
            "line": 11,
            "name": "@sanity"
          }
        ]
      },
      {
        "before": [
          {
            "result": {
              "duration": 1861560400,
              "status": "passed"
            },
            "match": {
              "location": "Hooks.setUp()"
            }
          }
        ],
        "line": 23,
        "name": "Verify the error message with invalid credentials",
        "description": "",
        "id": "login-test;verify-the-error-message-with-invalid-credentials;;4",
        "after": [
          {
            "result": {
              "duration": 631050600,
              "status": "passed"
            },
            "match": {
              "location": "Hooks.tearDown(Scenario)"
            }
          }
        ],
        "type": "scenario",
        "keyword": "Scenario Outline",
        "steps": [
          {
            "result": {
              "duration": 22600,
              "status": "passed"
            },
            "line": 13,
            "name": "I am on homepage",
            "match": {
              "location": "LoginPageSteps.iAmOnHomepage()"
            },
            "keyword": "Given "
          },
          {
            "result": {
              "duration": 509181800,
              "status": "passed"
            },
            "line": 14,
            "name": "I click on login link",
            "match": {
              "location": "LoginPageSteps.iClickOnLoginLink()"
            },
            "keyword": "When "
          },
          {
            "result": {
              "duration": 90546200,
              "status": "passed"
            },
            "line": 15,
            "name": "I enter email \"qwerty@gmail.com\"",
            "match": {
              "arguments": [
                {
                  "val": "qwerty@gmail.com",
                  "offset": 15
                }
              ],
              "location": "LoginPageSteps.iEnterEmail(String)"
            },
            "matchedColumns": [
              0
            ],
            "keyword": "And "
          },
          {
            "result": {
              "duration": 72533200,
              "status": "passed"
            },
            "line": 16,
            "name": "I enter password \"qwerty123\"",
            "match": {
              "arguments": [
                {
                  "val": "qwerty123",
                  "offset": 18
                }
              ],
              "location": "LoginPageSteps.iEnterPassword(String)"
            },
            "matchedColumns": [
              1
            ],
            "keyword": "And "
          },
          {
            "result": {
              "duration": 439232700,
              "status": "passed"
            },
            "line": 17,
            "name": "I click on login button",
            "match": {
              "location": "LoginPageSteps.iClickOnLoginButton()"
            },
            "keyword": "And "
          },
          {
            "result": {
              "duration": 54811600,
              "status": "passed"
            },
            "line": 18,
            "name": "I should besee the error message \"Login was unsuccessful. Please correct the errors and try again.\nNo customer account found\"",
            "match": {
              "arguments": [
                {
                  "val": "Login was unsuccessful. Please correct the errors and try again.\nNo customer account found",
                  "offset": 34
                }
              ],
              "location": "LoginPageSteps.iShouldBeseeTheErrorMessage(String)"
            },
            "matchedColumns": [
              2
            ],
            "keyword": "Then "
          }
        ],
        "tags": [
          {
            "line": 1,
            "name": "@regression"
          },
          {
            "line": 11,
            "name": "@sanity"
          }
        ]
      },
      {
        "before": [
          {
            "result": {
              "duration": 1864089100,
              "status": "passed"
            },
            "match": {
              "location": "Hooks.setUp()"
            }
          }
        ],
        "line": 26,
        "name": "User should login successfully with valid credentials",
        "description": "",
        "id": "login-test;user-should-login-successfully-with-valid-credentials",
        "after": [
          {
            "result": {
              "duration": 10494700,
              "error_message": "org.openqa.selenium.NoSuchWindowException: no such window: target window already closed\nfrom unknown error: web view not found\n  (Session info: chrome\u003d107.0.5304.122)\nBuild info: version: \u00274.6.0\u0027, revision: \u002779f1c02ae20\u0027\nSystem info: os.name: \u0027Windows 10\u0027, os.arch: \u0027amd64\u0027, os.version: \u002710.0\u0027, java.version: \u00271.8.0_121\u0027\nDriver info: org.openqa.selenium.chrome.ChromeDriver\nCommand: [5483c950c8abaa9d494b2fcc5d4ee252, screenshot {}]\nCapabilities {acceptInsecureCerts: false, browserName: chrome, browserVersion: 107.0.5304.122, chrome: {chromedriverVersion: 107.0.5304.62 (1eec40d3a576..., userDataDir: C:\\Users\\NIRAJ\\AppData\\Loca...}, goog:chromeOptions: {debuggerAddress: localhost:52557}, networkConnectionEnabled: false, pageLoadStrategy: normal, platformName: WINDOWS, proxy: Proxy(), se:cdp: ws://localhost:52557/devtoo..., se:cdpVersion: 107.0.5304.122, setWindowRect: true, strictFileInteractability: false, timeouts: {implicit: 0, pageLoad: 300000, script: 30000}, unhandledPromptBehavior: dismiss and notify, webauthn:extension:credBlob: true, webauthn:extension:largeBlob: true, webauthn:virtualAuthenticators: true}\nSession ID: 5483c950c8abaa9d494b2fcc5d4ee252\r\n\tat sun.reflect.NativeConstructorAccessorImpl.newInstance0(Native Method)\r\n\tat sun.reflect.NativeConstructorAccessorImpl.newInstance(NativeConstructorAccessorImpl.java:62)\r\n\tat sun.reflect.DelegatingConstructorAccessorImpl.newInstance(DelegatingConstructorAccessorImpl.java:45)\r\n\tat java.lang.reflect.Constructor.newInstance(Constructor.java:423)\r\n\tat org.openqa.selenium.remote.codec.w3c.W3CHttpResponseCodec.createException(W3CHttpResponseCodec.java:200)\r\n\tat org.openqa.selenium.remote.codec.w3c.W3CHttpResponseCodec.decode(W3CHttpResponseCodec.java:133)\r\n\tat org.openqa.selenium.remote.codec.w3c.W3CHttpResponseCodec.decode(W3CHttpResponseCodec.java:53)\r\n\tat org.openqa.selenium.remote.HttpCommandExecutor.execute(HttpCommandExecutor.java:184)\r\n\tat org.openqa.selenium.remote.service.DriverCommandExecutor.invokeExecute(DriverCommandExecutor.java:167)\r\n\tat org.openqa.selenium.remote.service.DriverCommandExecutor.execute(DriverCommandExecutor.java:142)\r\n\tat org.openqa.selenium.remote.RemoteWebDriver.execute(RemoteWebDriver.java:541)\r\n\tat org.openqa.selenium.remote.RemoteWebDriver.execute(RemoteWebDriver.java:596)\r\n\tat org.openqa.selenium.remote.RemoteWebDriver.execute(RemoteWebDriver.java:600)\r\n\tat org.openqa.selenium.remote.RemoteWebDriver.getScreenshotAs(RemoteWebDriver.java:331)\r\n\tat com.nopcommerce.demo.utility.Utility.getScreenshot(Utility.java:338)\r\n\tat com.nopcommerce.demo.cucumber.Hooks.tearDown(Hooks.java:25)\r\n\tat sun.reflect.NativeMethodAccessorImpl.invoke0(Native Method)\r\n\tat sun.reflect.NativeMethodAccessorImpl.invoke(NativeMethodAccessorImpl.java:62)\r\n\tat sun.reflect.DelegatingMethodAccessorImpl.invoke(DelegatingMethodAccessorImpl.java:43)\r\n\tat java.lang.reflect.Method.invoke(Method.java:498)\r\n\tat cucumber.runtime.Utils$1.call(Utils.java:40)\r\n\tat cucumber.runtime.Timeout.timeout(Timeout.java:16)\r\n\tat cucumber.runtime.Utils.invoke(Utils.java:34)\r\n\tat cucumber.runtime.java.JavaHookDefinition.execute(JavaHookDefinition.java:60)\r\n\tat cucumber.runtime.Runtime.runHookIfTagsMatch(Runtime.java:224)\r\n\tat cucumber.runtime.Runtime.runHooks(Runtime.java:212)\r\n\tat cucumber.runtime.Runtime.runAfterHooks(Runtime.java:206)\r\n\tat cucumber.runtime.model.CucumberScenario.run(CucumberScenario.java:46)\r\n\tat cucumber.runtime.junit.ExecutionUnitRunner.run(ExecutionUnitRunner.java:102)\r\n\tat cucumber.runtime.junit.FeatureRunner.runChild(FeatureRunner.java:63)\r\n\tat cucumber.runtime.junit.FeatureRunner.runChild(FeatureRunner.java:18)\r\n\tat org.junit.runners.ParentRunner$4.run(ParentRunner.java:331)\r\n\tat org.junit.runners.ParentRunner$1.schedule(ParentRunner.java:79)\r\n\tat org.junit.runners.ParentRunner.runChildren(ParentRunner.java:329)\r\n\tat org.junit.runners.ParentRunner.access$100(ParentRunner.java:66)\r\n\tat org.junit.runners.ParentRunner$2.evaluate(ParentRunner.java:293)\r\n\tat org.junit.runners.ParentRunner$3.evaluate(ParentRunner.java:306)\r\n\tat org.junit.runners.ParentRunner.run(ParentRunner.java:413)\r\n\tat cucumber.runtime.junit.FeatureRunner.run(FeatureRunner.java:70)\r\n\tat cucumber.api.junit.Cucumber.runChild(Cucumber.java:95)\r\n\tat cucumber.api.junit.Cucumber.runChild(Cucumber.java:38)\r\n\tat org.junit.runners.ParentRunner$4.run(ParentRunner.java:331)\r\n\tat org.junit.runners.ParentRunner$1.schedule(ParentRunner.java:79)\r\n\tat org.junit.runners.ParentRunner.runChildren(ParentRunner.java:329)\r\n\tat org.junit.runners.ParentRunner.access$100(ParentRunner.java:66)\r\n\tat org.junit.runners.ParentRunner$2.evaluate(ParentRunner.java:293)\r\n\tat org.junit.internal.runners.statements.RunAfters.evaluate(RunAfters.java:27)\r\n\tat org.junit.runners.ParentRunner$3.evaluate(ParentRunner.java:306)\r\n\tat org.junit.runners.ParentRunner.run(ParentRunner.java:413)\r\n\tat cucumber.api.junit.Cucumber.run(Cucumber.java:100)\r\n\tat org.junit.runner.JUnitCore.run(JUnitCore.java:137)\r\n\tat com.intellij.junit4.JUnit4IdeaTestRunner.startRunnerWithArgs(JUnit4IdeaTestRunner.java:69)\r\n\tat com.intellij.rt.junit.IdeaTestRunner$Repeater$1.execute(IdeaTestRunner.java:38)\r\n\tat com.intellij.rt.execution.junit.TestsRepeater.repeat(TestsRepeater.java:11)\r\n\tat com.intellij.rt.junit.IdeaTestRunner$Repeater.startRunnerWithArgs(IdeaTestRunner.java:35)\r\n\tat com.intellij.rt.junit.JUnitStarter.prepareStreamsAndStart(JUnitStarter.java:235)\r\n\tat com.intellij.rt.junit.JUnitStarter.main(JUnitStarter.java:54)\r\n",
              "status": "failed"
            },
            "match": {
              "location": "Hooks.tearDown(Scenario)"
            }
          }
        ],
        "type": "scenario",
        "keyword": "Scenario",
        "steps": [
          {
            "result": {
              "duration": 22000,
              "status": "passed"
            },
            "line": 27,
            "name": "I am on homepage",
            "match": {
              "location": "LoginPageSteps.iAmOnHomepage()"
            },
            "keyword": "Given "
          },
          {
            "result": {
              "duration": 494223600,
              "status": "passed"
            },
            "line": 28,
            "name": "I click on login link",
            "match": {
              "location": "LoginPageSteps.iClickOnLoginLink()"
            },
            "keyword": "When "
          },
          {
            "result": {
              "duration": 80386400,
              "status": "passed"
            },
            "line": 29,
            "name": "I enter email \"primeeight@gmail.com\"",
            "match": {
              "arguments": [
                {
                  "val": "primeeight@gmail.com",
                  "offset": 15
                }
              ],
              "location": "LoginPageSteps.iEnterEmail(String)"
            },
            "keyword": "And "
          },
          {
            "result": {
              "duration": 65106200,
              "status": "passed"
            },
            "line": 30,
            "name": "I enter password \"abc123\"",
            "match": {
              "arguments": [
                {
                  "val": "abc123",
                  "offset": 18
                }
              ],
              "location": "LoginPageSteps.iEnterPassword(String)"
            },
            "keyword": "And "
          },
          {
            "result": {
              "duration": 418714200,
              "status": "passed"
            },
            "line": 31,
            "name": "I click on login button",
            "match": {
              "location": "LoginPageSteps.iClickOnLoginButton()"
            },
            "keyword": "And "
          },
          {
            "result": {
              "duration": 13265107600,
              "error_message": "org.openqa.selenium.NoSuchElementException: Unable to find element with locator By.xpath: //a[normalize-space()\u003d\u0027Log out\u0027]\nFor documentation on this error, please visit: https://selenium.dev/exceptions/#no_such_element\nBuild info: version: \u00274.6.0\u0027, revision: \u002779f1c02ae20\u0027\nSystem info: os.name: \u0027Windows 10\u0027, os.arch: \u0027amd64\u0027, os.version: \u002710.0\u0027, java.version: \u00271.8.0_121\u0027\nDriver info: driver.version: RemoteWebDriver\r\n\tat org.openqa.selenium.remote.ElementLocation$ElementFinder$2.findElement(ElementLocation.java:165)\r\n\tat org.openqa.selenium.remote.ElementLocation.findElement(ElementLocation.java:60)\r\n\tat org.openqa.selenium.remote.RemoteWebDriver.findElement(RemoteWebDriver.java:365)\r\n\tat org.openqa.selenium.remote.RemoteWebDriver.findElement(RemoteWebDriver.java:357)\r\n\tat org.openqa.selenium.support.pagefactory.DefaultElementLocator.findElement(DefaultElementLocator.java:70)\r\n\tat org.openqa.selenium.support.pagefactory.internal.LocatingElementHandler.invoke(LocatingElementHandler.java:39)\r\n\tat com.sun.proxy.$Proxy24.isDisplayed(Unknown Source)\r\n\tat com.nopcommerce.demo.pages.HomePage.isLogOutLinkDisplay(HomePage.java:76)\r\n\tat com.nopcommerce.demo.cucumber.steps.LoginPageSteps.iShouldSeeLogoutLinkIsDisplay(LoginPageSteps.java:51)\r\n\tat âœ½.Then I should see logout link is display(LoginPage.feature:32)\r\n",
              "status": "failed"
            },
            "line": 32,
            "name": "I should see logout link is display",
            "match": {
              "location": "LoginPageSteps.iShouldSeeLogoutLinkIsDisplay()"
            },
            "keyword": "Then "
          }
        ]
      },
      {
        "before": [
          {
            "result": {
              "duration": 1877622400,
              "status": "passed"
            },
            "match": {
              "location": "Hooks.setUp()"
            }
          }
        ],
        "line": 34,
        "name": "User should Out Successfully",
        "description": "",
        "id": "login-test;user-should-out-successfully",
        "after": [
          {
            "result": {
              "duration": 657751600,
              "status": "passed"
            },
            "match": {
              "location": "Hooks.tearDown(Scenario)"
            }
          }
        ],
        "type": "scenario",
        "keyword": "Scenario",
        "steps": [
          {
            "result": {
              "duration": 25000,
              "status": "passed"
            },
            "line": 35,
            "name": "I am on homepage",
            "match": {
              "location": "LoginPageSteps.iAmOnHomepage()"
            },
            "keyword": "Given "
          },
          {
            "result": {
              "duration": 507367900,
              "status": "passed"
            },
            "line": 36,
            "name": "I click on login link",
            "match": {
              "location": "LoginPageSteps.iClickOnLoginLink()"
            },
            "keyword": "When "
          },
          {
            "result": {
              "duration": 85248100,
              "status": "passed"
            },
            "line": 37,
            "name": "I enter email \"primeeight@gmail.com\"",
            "match": {
              "arguments": [
                {
                  "val": "primeeight@gmail.com",
                  "offset": 15
                }
              ],
              "location": "LoginPageSteps.iEnterEmail(String)"
            },
            "keyword": "And "
          },
          {
            "result": {
              "duration": 67817700,
              "status": "passed"
            },
            "line": 38,
            "name": "I enter password \"abc123\"",
            "match": {
              "arguments": [
                {
                  "val": "abc123",
                  "offset": 18
                }
              ],
              "location": "LoginPageSteps.iEnterPassword(String)"
            },
            "keyword": "And "
          },
          {
            "result": {
              "duration": 421867800,
              "status": "passed"
            },
            "line": 39,
            "name": "I click on login button",
            "match": {
              "location": "LoginPageSteps.iClickOnLoginButton()"
            },
            "keyword": "And "
          },
          {
            "result": {
              "duration": 53243300,
              "status": "passed"
            },
            "line": 40,
            "name": "I should see logIn link is display",
            "match": {
              "location": "LoginPageSteps.iShouldSeeLogInLinkIsDisplay()"
            },
            "keyword": "Then "
          }
        ]
      }
    ],
    "name": "Login Test",
    "description": "As user I want to login into nop commerce website",
    "id": "login-test",
    "keyword": "Feature",
    "uri": "LoginPage.feature",
    "tags": [
      {
        "line": 1,
        "name": "@regression"
      }
    ]
  },
  {
    "line": 2,
    "elements": [
      {
        "before": [
          {
            "result": {
              "duration": 1797577300,
              "status": "passed"
            },
            "match": {
              "location": "Hooks.setUp()"
            }
          }
        ],
        "line": 6,
        "name": "User should navigate to register page successfully",
        "description": "",
        "id": "login-test;user-should-navigate-to-register-page-successfully",
        "after": [
          {
            "result": {
              "duration": 775710200,
              "status": "passed"
            },
            "match": {
              "location": "Hooks.tearDown(Scenario)"
            }
          }
        ],
        "type": "scenario",
        "keyword": "Scenario",
        "steps": [
          {
            "result": {
              "duration": 28200,
              "status": "passed"
            },
            "line": 7,
            "name": "I am on homepage",
            "match": {
              "location": "LoginPageSteps.iAmOnHomepage()"
            },
            "keyword": "Given "
          },
          {
            "result": {
              "duration": 488258200,
              "status": "passed"
            },
            "line": 8,
            "name": "I click on register link",
            "match": {
              "location": "RegistrationSteps.iClickOnRegisterLink()"
            },
            "keyword": "When "
          },
          {
            "result": {
              "duration": 190800,
              "error_message": "cucumber.runtime.CucumberException: Arity mismatch: Step Definition \u0027com.nopcommerce.demo.cucumber.steps.RegistrationSteps.iShouldSeeText() in file:/C:/Users/NIRAJ/IdeaProjects/week16-nopcommerce-master-nirajpatel/target/test-classes/\u0027 with pattern [^I should see \"([^\"]*)\" text$] is declared with 0 parameters. However, the gherkin step has 1 arguments [Register]. \nStep: Then I should see \"Register\" text\r\n\tat cucumber.runtime.StepDefinitionMatch.arityMismatch(StepDefinitionMatch.java:102)\r\n\tat cucumber.runtime.StepDefinitionMatch.transformedArgs(StepDefinitionMatch.java:60)\r\n\tat cucumber.runtime.StepDefinitionMatch.runStep(StepDefinitionMatch.java:37)\r\n\tat cucumber.runtime.Runtime.runStep(Runtime.java:300)\r\n\tat cucumber.runtime.model.StepContainer.runStep(StepContainer.java:44)\r\n\tat cucumber.runtime.model.StepContainer.runSteps(StepContainer.java:39)\r\n\tat cucumber.runtime.model.CucumberScenario.run(CucumberScenario.java:44)\r\n\tat cucumber.runtime.junit.ExecutionUnitRunner.run(ExecutionUnitRunner.java:102)\r\n\tat cucumber.runtime.junit.FeatureRunner.runChild(FeatureRunner.java:63)\r\n\tat cucumber.runtime.junit.FeatureRunner.runChild(FeatureRunner.java:18)\r\n\tat org.junit.runners.ParentRunner$4.run(ParentRunner.java:331)\r\n\tat org.junit.runners.ParentRunner$1.schedule(ParentRunner.java:79)\r\n\tat org.junit.runners.ParentRunner.runChildren(ParentRunner.java:329)\r\n\tat org.junit.runners.ParentRunner.access$100(ParentRunner.java:66)\r\n\tat org.junit.runners.ParentRunner$2.evaluate(ParentRunner.java:293)\r\n\tat org.junit.runners.ParentRunner$3.evaluate(ParentRunner.java:306)\r\n\tat org.junit.runners.ParentRunner.run(ParentRunner.java:413)\r\n\tat cucumber.runtime.junit.FeatureRunner.run(FeatureRunner.java:70)\r\n\tat cucumber.api.junit.Cucumber.runChild(Cucumber.java:95)\r\n\tat cucumber.api.junit.Cucumber.runChild(Cucumber.java:38)\r\n\tat org.junit.runners.ParentRunner$4.run(ParentRunner.java:331)\r\n\tat org.junit.runners.ParentRunner$1.schedule(ParentRunner.java:79)\r\n\tat org.junit.runners.ParentRunner.runChildren(ParentRunner.java:329)\r\n\tat org.junit.runners.ParentRunner.access$100(ParentRunner.java:66)\r\n\tat org.junit.runners.ParentRunner$2.evaluate(ParentRunner.java:293)\r\n\tat org.junit.internal.runners.statements.RunAfters.evaluate(RunAfters.java:27)\r\n\tat org.junit.runners.ParentRunner$3.evaluate(ParentRunner.java:306)\r\n\tat org.junit.runners.ParentRunner.run(ParentRunner.java:413)\r\n\tat cucumber.api.junit.Cucumber.run(Cucumber.java:100)\r\n\tat org.junit.runner.JUnitCore.run(JUnitCore.java:137)\r\n\tat com.intellij.junit4.JUnit4IdeaTestRunner.startRunnerWithArgs(JUnit4IdeaTestRunner.java:69)\r\n\tat com.intellij.rt.junit.IdeaTestRunner$Repeater$1.execute(IdeaTestRunner.java:38)\r\n\tat com.intellij.rt.execution.junit.TestsRepeater.repeat(TestsRepeater.java:11)\r\n\tat com.intellij.rt.junit.IdeaTestRunner$Repeater.startRunnerWithArgs(IdeaTestRunner.java:35)\r\n\tat com.intellij.rt.junit.JUnitStarter.prepareStreamsAndStart(JUnitStarter.java:235)\r\n\tat com.intellij.rt.junit.JUnitStarter.main(JUnitStarter.java:54)\r\n",
              "status": "failed"
            },
            "line": 9,
            "name": "I should see \"Register\" text",
            "match": {
              "arguments": [
                {
                  "val": "Register",
                  "offset": 14
                }
              ],
              "location": "RegistrationSteps.iShouldSeeText()"
            },
            "keyword": "Then "
          }
        ],
        "tags": [
          {
            "line": 5,
            "name": "@smoke"
          }
        ]
      },
      {
        "before": [
          {
            "result": {
              "duration": 1836934600,
              "status": "passed"
            },
            "match": {
              "location": "Hooks.setUp()"
            }
          }
        ],
        "line": 21,
        "name": "Verify that firstname lastname email password and confirm password fields are mandatory",
        "description": "",
        "id": "login-test;verify-that-firstname-lastname-email-password-and-confirm-password-fields-are-mandatory;;2",
        "after": [
          {
            "result": {
              "duration": 743501700,
              "status": "passed"
            },
            "match": {
              "location": "Hooks.tearDown(Scenario)"
            }
          }
        ],
        "type": "scenario",
        "keyword": "Scenario Outline",
        "steps": [
          {
            "result": {
              "duration": 32200,
              "status": "passed"
            },
            "line": 14,
            "name": "I am on homepage",
            "match": {
              "location": "LoginPageSteps.iAmOnHomepage()"
            },
            "keyword": "Given "
          },
          {
            "result": {
              "duration": 493003700,
              "status": "passed"
            },
            "line": 15,
            "name": "I click on register link",
            "match": {
              "location": "RegistrationSteps.iClickOnRegisterLink()"
            },
            "keyword": "When "
          },
          {
            "result": {
              "duration": 76175000,
              "status": "passed"
            },
            "line": 16,
            "name": "I click on register button",
            "match": {
              "location": "RegistrationSteps.iClickOnRegisterButton()"
            },
            "keyword": "And "
          },
          {
            "result": {
              "duration": 80995400,
              "error_message": "java.lang.AssertionError: error message is not displayed expected:\u003cnull\u003e but was:\u003cFirstName\u003e\r\n\tat org.junit.Assert.fail(Assert.java:89)\r\n\tat org.junit.Assert.failNotEquals(Assert.java:835)\r\n\tat org.junit.Assert.assertEquals(Assert.java:120)\r\n\tat com.nopcommerce.demo.cucumber.steps.RegistrationSteps.iShouldSeeTheErrorMessageForFieldName(RegistrationSteps.java:32)\r\n\tat âœ½.Then I should see the error message \"First name is required.\" for fieldName \"FirstName\"(RegisterPage.feature:17)\r\n",
              "status": "failed"
            },
            "line": 17,
            "name": "I should see the error message \"First name is required.\" for fieldName \"FirstName\"",
            "match": {
              "arguments": [
                {
                  "val": "First name is required.",
                  "offset": 32
                },
                {
                  "val": "FirstName",
                  "offset": 72
                }
              ],
              "location": "RegistrationSteps.iShouldSeeTheErrorMessageForFieldName(String,String)"
            },
            "matchedColumns": [
              0,
              1
            ],
            "keyword": "Then "
          }
        ],
        "tags": [
          {
            "line": 1,
            "name": "@regression"
          },
          {
            "line": 12,
            "name": "@sanity"
          }
        ]
      },
      {
        "before": [
          {
            "result": {
              "duration": 1863177200,
              "status": "passed"
            },
            "match": {
              "location": "Hooks.setUp()"
            }
          }
        ],
        "line": 22,
        "name": "Verify that firstname lastname email password and confirm password fields are mandatory",
        "description": "",
        "id": "login-test;verify-that-firstname-lastname-email-password-and-confirm-password-fields-are-mandatory;;3",
        "after": [
          {
            "result": {
              "duration": 727771800,
              "status": "passed"
            },
            "match": {
              "location": "Hooks.tearDown(Scenario)"
            }
          }
        ],
        "type": "scenario",
        "keyword": "Scenario Outline",
        "steps": [
          {
            "result": {
              "duration": 26400,
              "status": "passed"
            },
            "line": 14,
            "name": "I am on homepage",
            "match": {
              "location": "LoginPageSteps.iAmOnHomepage()"
            },
            "keyword": "Given "
          },
          {
            "result": {
              "duration": 462301100,
              "status": "passed"
            },
            "line": 15,
            "name": "I click on register link",
            "match": {
              "location": "RegistrationSteps.iClickOnRegisterLink()"
            },
            "keyword": "When "
          },
          {
            "result": {
              "duration": 77717700,
              "status": "passed"
            },
            "line": 16,
            "name": "I click on register button",
            "match": {
              "location": "RegistrationSteps.iClickOnRegisterButton()"
            },
            "keyword": "And "
          },
          {
            "result": {
              "duration": 79843700,
              "error_message": "java.lang.AssertionError: error message is not displayed expected:\u003cnull\u003e but was:\u003cLastName\u003e\r\n\tat org.junit.Assert.fail(Assert.java:89)\r\n\tat org.junit.Assert.failNotEquals(Assert.java:835)\r\n\tat org.junit.Assert.assertEquals(Assert.java:120)\r\n\tat com.nopcommerce.demo.cucumber.steps.RegistrationSteps.iShouldSeeTheErrorMessageForFieldName(RegistrationSteps.java:32)\r\n\tat âœ½.Then I should see the error message \"Last name is required.\" for fieldName \"LastName\"(RegisterPage.feature:17)\r\n",
              "status": "failed"
            },
            "line": 17,
            "name": "I should see the error message \"Last name is required.\" for fieldName \"LastName\"",
            "match": {
              "arguments": [
                {
                  "val": "Last name is required.",
                  "offset": 32
                },
                {
                  "val": "LastName",
                  "offset": 71
                }
              ],
              "location": "RegistrationSteps.iShouldSeeTheErrorMessageForFieldName(String,String)"
            },
            "matchedColumns": [
              0,
              1
            ],
            "keyword": "Then "
          }
        ],
        "tags": [
          {
            "line": 1,
            "name": "@regression"
          },
          {
            "line": 12,
            "name": "@sanity"
          }
        ]
      },
      {
        "before": [
          {
            "result": {
              "duration": 1825791100,
              "status": "passed"
            },
            "match": {
              "location": "Hooks.setUp()"
            }
          }
        ],
        "line": 23,
        "name": "Verify that firstname lastname email password and confirm password fields are mandatory",
        "description": "",
        "id": "login-test;verify-that-firstname-lastname-email-password-and-confirm-password-fields-are-mandatory;;4",
        "after": [
          {
            "result": {
              "duration": 714917500,
              "status": "passed"
            },
            "match": {
              "location": "Hooks.tearDown(Scenario)"
            }
          }
        ],
        "type": "scenario",
        "keyword": "Scenario Outline",
        "steps": [
          {
            "result": {
              "duration": 27800,
              "status": "passed"
            },
            "line": 14,
            "name": "I am on homepage",
            "match": {
              "location": "LoginPageSteps.iAmOnHomepage()"
            },
            "keyword": "Given "
          },
          {
            "result": {
              "duration": 509909400,
              "status": "passed"
            },
            "line": 15,
            "name": "I click on register link",
            "match": {
              "location": "RegistrationSteps.iClickOnRegisterLink()"
            },
            "keyword": "When "
          },
          {
            "result": {
              "duration": 76520200,
              "status": "passed"
            },
            "line": 16,
            "name": "I click on register button",
            "match": {
              "location": "RegistrationSteps.iClickOnRegisterButton()"
            },
            "keyword": "And "
          },
          {
            "result": {
              "duration": 75384600,
              "error_message": "java.lang.AssertionError: error message is not displayed expected:\u003cnull\u003e but was:\u003cEmail\u003e\r\n\tat org.junit.Assert.fail(Assert.java:89)\r\n\tat org.junit.Assert.failNotEquals(Assert.java:835)\r\n\tat org.junit.Assert.assertEquals(Assert.java:120)\r\n\tat com.nopcommerce.demo.cucumber.steps.RegistrationSteps.iShouldSeeTheErrorMessageForFieldName(RegistrationSteps.java:32)\r\n\tat âœ½.Then I should see the error message \"Email is required.\" for fieldName \"Email\"(RegisterPage.feature:17)\r\n",
              "status": "failed"
            },
            "line": 17,
            "name": "I should see the error message \"Email is required.\" for fieldName \"Email\"",
            "match": {
              "arguments": [
                {
                  "val": "Email is required.",
                  "offset": 32
                },
                {
                  "val": "Email",
                  "offset": 67
                }
              ],
              "location": "RegistrationSteps.iShouldSeeTheErrorMessageForFieldName(String,String)"
            },
            "matchedColumns": [
              0,
              1
            ],
            "keyword": "Then "
          }
        ],
        "tags": [
          {
            "line": 1,
            "name": "@regression"
          },
          {
            "line": 12,
            "name": "@sanity"
          }
        ]
      },
      {
        "before": [
          {
            "result": {
              "duration": 1822133900,
              "status": "passed"
            },
            "match": {
              "location": "Hooks.setUp()"
            }
          }
        ],
        "line": 24,
        "name": "Verify that firstname lastname email password and confirm password fields are mandatory",
        "description": "",
        "id": "login-test;verify-that-firstname-lastname-email-password-and-confirm-password-fields-are-mandatory;;5",
        "after": [
          {
            "result": {
              "duration": 730080800,
              "status": "passed"
            },
            "match": {
              "location": "Hooks.tearDown(Scenario)"
            }
          }
        ],
        "type": "scenario",
        "keyword": "Scenario Outline",
        "steps": [
          {
            "result": {
              "duration": 239000,
              "status": "passed"
            },
            "line": 14,
            "name": "I am on homepage",
            "match": {
              "location": "LoginPageSteps.iAmOnHomepage()"
            },
            "keyword": "Given "
          },
          {
            "result": {
              "duration": 518113300,
              "status": "passed"
            },
            "line": 15,
            "name": "I click on register link",
            "match": {
              "location": "RegistrationSteps.iClickOnRegisterLink()"
            },
            "keyword": "When "
          },
          {
            "result": {
              "duration": 72865400,
              "status": "passed"
            },
            "line": 16,
            "name": "I click on register button",
            "match": {
              "location": "RegistrationSteps.iClickOnRegisterButton()"
            },
            "keyword": "And "
          },
          {
            "result": {
              "duration": 80806200,
              "error_message": "java.lang.AssertionError: error message is not displayed expected:\u003cnull\u003e but was:\u003cPassword\u003e\r\n\tat org.junit.Assert.fail(Assert.java:89)\r\n\tat org.junit.Assert.failNotEquals(Assert.java:835)\r\n\tat org.junit.Assert.assertEquals(Assert.java:120)\r\n\tat com.nopcommerce.demo.cucumber.steps.RegistrationSteps.iShouldSeeTheErrorMessageForFieldName(RegistrationSteps.java:32)\r\n\tat âœ½.Then I should see the error message \"Password is required.\" for fieldName \"Password\"(RegisterPage.feature:17)\r\n",
              "status": "failed"
            },
            "line": 17,
            "name": "I should see the error message \"Password is required.\" for fieldName \"Password\"",
            "match": {
              "arguments": [
                {
                  "val": "Password is required.",
                  "offset": 32
                },
                {
                  "val": "Password",
                  "offset": 70
                }
              ],
              "location": "RegistrationSteps.iShouldSeeTheErrorMessageForFieldName(String,String)"
            },
            "matchedColumns": [
              0,
              1
            ],
            "keyword": "Then "
          }
        ],
        "tags": [
          {
            "line": 1,
            "name": "@regression"
          },
          {
            "line": 12,
            "name": "@sanity"
          }
        ]
      },
      {
        "before": [
          {
            "result": {
              "duration": 1810606400,
              "status": "passed"
            },
            "match": {
              "location": "Hooks.setUp()"
            }
          }
        ],
        "line": 25,
        "name": "Verify that firstname lastname email password and confirm password fields are mandatory",
        "description": "",
        "id": "login-test;verify-that-firstname-lastname-email-password-and-confirm-password-fields-are-mandatory;;6",
        "after": [
          {
            "result": {
              "duration": 739856900,
              "status": "passed"
            },
            "match": {
              "location": "Hooks.tearDown(Scenario)"
            }
          }
        ],
        "type": "scenario",
        "keyword": "Scenario Outline",
        "steps": [
          {
            "result": {
              "duration": 28300,
              "status": "passed"
            },
            "line": 14,
            "name": "I am on homepage",
            "match": {
              "location": "LoginPageSteps.iAmOnHomepage()"
            },
            "keyword": "Given "
          },
          {
            "result": {
              "duration": 477953600,
              "status": "passed"
            },
            "line": 15,
            "name": "I click on register link",
            "match": {
              "location": "RegistrationSteps.iClickOnRegisterLink()"
            },
            "keyword": "When "
          },
          {
            "result": {
              "duration": 81103800,
              "status": "passed"
            },
            "line": 16,
            "name": "I click on register button",
            "match": {
              "location": "RegistrationSteps.iClickOnRegisterButton()"
            },
            "keyword": "And "
          },
          {
            "result": {
              "duration": 86409300,
              "error_message": "java.lang.AssertionError: error message is not displayed expected:\u003cnull\u003e but was:\u003cConfirmPassword\u003e\r\n\tat org.junit.Assert.fail(Assert.java:89)\r\n\tat org.junit.Assert.failNotEquals(Assert.java:835)\r\n\tat org.junit.Assert.assertEquals(Assert.java:120)\r\n\tat com.nopcommerce.demo.cucumber.steps.RegistrationSteps.iShouldSeeTheErrorMessageForFieldName(RegistrationSteps.java:32)\r\n\tat âœ½.Then I should see the error message \"Password is required.\" for fieldName \"ConfirmPassword\"(RegisterPage.feature:17)\r\n",
              "status": "failed"
            },
            "line": 17,
            "name": "I should see the error message \"Password is required.\" for fieldName \"ConfirmPassword\"",
            "match": {
              "arguments": [
                {
                  "val": "Password is required.",
                  "offset": 32
                },
                {
                  "val": "ConfirmPassword",
                  "offset": 70
                }
              ],
              "location": "RegistrationSteps.iShouldSeeTheErrorMessageForFieldName(String,String)"
            },
            "matchedColumns": [
              0,
              1
            ],
            "keyword": "Then "
          }
        ],
        "tags": [
          {
            "line": 1,
            "name": "@regression"
          },
          {
            "line": 12,
            "name": "@sanity"
          }
        ]
      },
      {
        "before": [
          {
            "result": {
              "duration": 1877037000,
              "status": "passed"
            },
            "match": {
              "location": "Hooks.setUp()"
            }
          }
        ],
        "line": 42,
        "name": "User should create account successfully",
        "description": "",
        "id": "login-test;user-should-create-account-successfully;;2",
        "after": [
          {
            "result": {
              "duration": 621609300,
              "status": "passed"
            },
            "match": {
              "location": "Hooks.tearDown(Scenario)"
            }
          }
        ],
        "type": "scenario",
        "keyword": "Scenario Outline",
        "steps": [
          {
            "result": {
              "duration": 17100,
              "status": "passed"
            },
            "line": 29,
            "name": "I am on homepage",
            "match": {
              "location": "LoginPageSteps.iAmOnHomepage()"
            },
            "keyword": "Given "
          },
          {
            "result": {
              "duration": 504052800,
              "status": "passed"
            },
            "line": 30,
            "name": "I click on register link",
            "match": {
              "location": "RegistrationSteps.iClickOnRegisterLink()"
            },
            "keyword": "When "
          },
          {
            "result": {
              "duration": 57668500,
              "status": "passed"
            },
            "line": 31,
            "name": "I select gender\"Male\"",
            "match": {
              "arguments": [
                {
                  "val": "Male",
                  "offset": 16
                }
              ],
              "location": "RegistrationSteps.iSelectGender(String)"
            },
            "matchedColumns": [
              0
            ],
            "keyword": "And "
          },
          {
            "result": {
              "duration": 70657600,
              "status": "passed"
            },
            "line": 32,
            "name": "I enter firstname \"Raj\"",
            "match": {
              "arguments": [
                {
                  "val": "Raj",
                  "offset": 19
                }
              ],
              "location": "RegistrationSteps.iEnterFirstname(String)"
            },
            "matchedColumns": [
              1
            ],
            "keyword": "And "
          },
          {
            "result": {
              "duration": 74182100,
              "status": "passed"
            },
            "line": 33,
            "name": "I enter lastname \"Patel\"",
            "match": {
              "arguments": [
                {
                  "val": "Patel",
                  "offset": 18
                }
              ],
              "location": "RegistrationSteps.iEnterLastname(String)"
            },
            "matchedColumns": [
              2
            ],
            "keyword": "And "
          },
          {
            "result": {
              "duration": 229840500,
              "status": "passed"
            },
            "line": 34,
            "name": "I select date of birth  \"23\"\"January\"\"1997\"",
            "match": {
              "arguments": [
                {
                  "val": "23",
                  "offset": 25
                },
                {
                  "val": "January",
                  "offset": 29
                },
                {
                  "val": "1997",
                  "offset": 38
                }
              ],
              "location": "RegistrationSteps.iSelectDateOfBirth(String,String,String)"
            },
            "matchedColumns": [
              3,
              4,
              5
            ],
            "keyword": "And "
          },
          {
            "result": {
              "duration": 68889100,
              "status": "passed"
            },
            "line": 35,
            "name": "I enter random email \"\u003cemail\u003e\"",
            "match": {
              "arguments": [
                {
                  "val": "\u003cemail\u003e",
                  "offset": 22
                }
              ],
              "location": "RegistrationSteps.iEnterRandomEmail(String)"
            },
            "keyword": "And "
          },
          {
            "result": {
              "duration": 77298200,
              "status": "passed"
            },
            "line": 36,
            "name": "I enter password \"qwerty\"",
            "match": {
              "arguments": [
                {
                  "val": "qwerty",
                  "offset": 18
                }
              ],
              "location": "LoginPageSteps.iEnterPassword(String)"
            },
            "matchedColumns": [
              6
            ],
            "keyword": "And "
          },
          {
            "result": {
              "duration": 50801700,
              "status": "passed"
            },
            "line": 37,
            "name": "I enter confirm password \"qwerty\"",
            "match": {
              "arguments": [
                {
                  "val": "qwerty",
                  "offset": 26
                }
              ],
              "location": "RegistrationSteps.iEnterConfirmPassword(String)"
            },
            "matchedColumns": [
              7
            ],
            "keyword": "And "
          },
          {
            "result": {
              "duration": 746265900,
              "status": "passed"
            },
            "line": 38,
            "name": "I click on register button",
            "match": {
              "location": "RegistrationSteps.iClickOnRegisterButton()"
            },
            "keyword": "And "
          },
          {
            "result": {
              "duration": 29168200,
              "status": "passed"
            },
            "line": 39,
            "name": "I should see registration confirmation message",
            "match": {
              "location": "RegistrationSteps.iShouldSeeRegistrationConfirmationMessage()"
            },
            "keyword": "Then "
          }
        ],
        "tags": [
          {
            "line": 1,
            "name": "@regression"
          }
        ]
      }
    ],
    "name": "Login Test",
    "description": "As user I want to login into nop commerce website",
    "id": "login-test",
    "keyword": "Feature",
    "uri": "RegisterPage.feature",
    "tags": [
      {
        "line": 1,
        "name": "@regression"
      }
    ]
  }
]